<?xml version="1.0" encoding="UTF-8"?>
<!-- Generated by org.testng.reporters.JUnitReportReporter -->
<testsuite hostname="DESKTOP-MULBKCH" failures="0" tests="1" name="selenium.Learning.SeleniumLearningProject.TakingScreenshot" time="8.248" errors="0" timestamp="2022-02-25T11:00:05 IST" skipped="0">
  <testcase classname="selenium.Learning.SeleniumLearningProject.TakingScreenshot" name="testOmayo" time="8.248"/>
  <system-out/>
</testsuite> <!-- selenium.Learning.SeleniumLearningProject.TakingScreenshot -->
