<?xml version="1.0" encoding="UTF-8"?>
<!-- Generated by org.testng.reporters.JUnitReportReporter -->
<testsuite hostname="DESKTOP-MULBKCH" failures="0" tests="1" name="selenium.Learning.SeleniumLearningProject.AppTest" time="0.011" errors="0" timestamp="2022-02-08T08:58:17 IST" skipped="0">
  <testcase classname="selenium.Learning.SeleniumLearningProject.AppTest" name="LoginIn" time="0.011"/>
  <system-out/>
</testsuite> <!-- selenium.Learning.SeleniumLearningProject.AppTest -->
