<?xml version="1.0" encoding="UTF-8"?>
<!-- Generated by org.testng.reporters.JUnitReportReporter -->
<testsuite hostname="DESKTOP-MULBKCH" failures="0" tests="3" name="selenium.Learning.SeleniumLearningProject.ClassTwo" time="3.483" errors="0" timestamp="2022-02-28T12:02:15 IST" skipped="0">
  <testcase classname="selenium.Learning.SeleniumLearningProject.ClassTwo" name="methodTwoB" time="0.003"/>
  <system-out/>
  <testcase classname="selenium.Learning.SeleniumLearningProject.ClassTwo" name="methodTwoA" time="3.478"/>
  <system-out/>
  <testcase classname="selenium.Learning.SeleniumLearningProject.ClassTwo" name="methodTwoC" time="0.002"/>
  <system-out/>
</testsuite> <!-- selenium.Learning.SeleniumLearningProject.ClassTwo -->
