<?xml version="1.0" encoding="UTF-8"?>
<!-- Generated by org.testng.reporters.JUnitReportReporter -->
<testsuite hostname="DESKTOP-7K5S7VA" failures="0" tests="1" name="projectObjecModel.tests.LoginTest" time="12.917" errors="0" timestamp="2022-03-13T18:00:27 IST" skipped="0">
  <testcase classname="projectObjecModel.tests.LoginTest" name="testLogin" time="12.917"/>
  <system-out/>
</testsuite> <!-- projectObjecModel.tests.LoginTest -->
