<?xml version="1.0" encoding="UTF-8"?>
<!-- Generated by org.testng.reporters.JUnitReportReporter -->
<testsuite hostname="DESKTOP-MULBKCH" failures="0" tests="1" name="selenium.Learning.SeleniumLearningProject.ANTSample" time="8.921" errors="0" timestamp="2022-02-28T12:02:15 IST" skipped="0">
  <testcase classname="selenium.Learning.SeleniumLearningProject.ANTSample" name="methodOne" time="8.921"/>
  <system-out/>
</testsuite> <!-- selenium.Learning.SeleniumLearningProject.ANTSample -->
