<?xml version="1.0" encoding="UTF-8"?>
<!-- Generated by org.testng.reporters.JUnitReportReporter -->
<testsuite hostname="DESKTOP-MULBKCH" failures="0" tests="3" name="selenium.Learning.SeleniumLearningProject.ClassThree" time="3.532" errors="0" timestamp="2022-02-28T12:02:15 IST" skipped="0">
  <testcase classname="selenium.Learning.SeleniumLearningProject.ClassThree" name="methodThreeC" time="0.002"/>
  <system-out/>
  <testcase classname="selenium.Learning.SeleniumLearningProject.ClassThree" name="methodThreeA" time="3.528"/>
  <system-out/>
  <testcase classname="selenium.Learning.SeleniumLearningProject.ClassThree" name="methodThreeB" time="0.002"/>
  <system-out/>
</testsuite> <!-- selenium.Learning.SeleniumLearningProject.ClassThree -->
