<?xml version="1.0" encoding="UTF-8"?>
<!-- Generated by org.testng.reporters.JUnitReportReporter -->
<testsuite hostname="DESKTOP-MULBKCH" failures="0" tests="1" name="selenium.Learning.SeleniumLearningProject.Demo" time="7.006" errors="0" timestamp="2022-02-08T09:07:59 IST" skipped="0">
  <testcase classname="selenium.Learning.SeleniumLearningProject.Demo" name="LoginIn" time="7.006"/>
  <system-out/>
</testsuite> <!-- selenium.Learning.SeleniumLearningProject.Demo -->
