<?xml version="1.0" encoding="UTF-8"?>
<!-- Generated by org.testng.reporters.JUnitReportReporter -->
<testsuite hostname="DESKTOP-MULBKCH" failures="0" tests="3" name="selenium.Learning.SeleniumLearningProject.ClassFour" time="5.452" errors="0" timestamp="2022-02-28T12:02:15 IST" skipped="0">
  <testcase classname="selenium.Learning.SeleniumLearningProject.ClassFour" name="methodFourA" time="5.446"/>
  <system-out/>
  <testcase classname="selenium.Learning.SeleniumLearningProject.ClassFour" name="methodFourC" time="0.001"/>
  <system-out/>
  <testcase classname="selenium.Learning.SeleniumLearningProject.ClassFour" name="methodFourB" time="0.005"/>
  <system-out/>
</testsuite> <!-- selenium.Learning.SeleniumLearningProject.ClassFour -->
